<?xml version="1.0" encoding="UTF-8"?>
<testsuite name="SILab2Test" tests="1" skipped="0" failures="0" errors="0" timestamp="2022-05-25T15:04:11" hostname="DESKTOP-8066SMF" time="0.018">
  <properties/>
  <testcase name="test1()" classname="SILab2Test" time="0.018"/>
  <system-out><![CDATA[]]></system-out>
  <system-err><![CDATA[]]></system-err>
</testsuite>
